<?xml version="1.0" encoding="UTF-8" ?>
<testsuite tests="3" failures="0" name="NumberFinderImplTest" time="20.038" errors="0" skipped="0">
  <properties>
[...]
</properties>
  <testcase classname="NumberFinderImplTest" name="whenContainsMethodIsCalled_andNumberIsNotInTheList_falseIsReturned" time="10.036"/>
  <testcase classname="NumberFinderImplTest" name="whenContainsMethodIsCalled_andNumberIsInTheList_trueIsReturned" time="10.001"/>
  <testcase classname="NumberFinderImplTest" name="whenReadFromFileMethodIsCalled_usingExampleFile_expectedValuesAreStoredInCustomNumberEntityList" time="0.001"/>
</testsuite>